0 info it worked if it ends with ok
1 verbose cli [ '/usr/local/bin/node', '/usr/local/bin/npm', 'install' ]
2 info using npm@3.3.12
3 info using node@v5.4.0
4 silly loadCurrentTree Starting
5 silly install loadCurrentTree
6 silly install readLocalPackageData
7 silly install normalizeTree
8 silly loadCurrentTree Finishing
9 silly loadIdealTree Starting
10 silly install loadIdealTree
11 silly cloneCurrentTree Starting
12 silly install cloneCurrentTreeToIdealTree
13 silly cloneCurrentTree Finishing
14 silly loadShrinkwrap Starting
15 silly install loadShrinkwrap
16 silly loadShrinkwrap Finishing
17 silly loadAllDepsIntoIdealTree Starting
18 silly install loadAllDepsIntoIdealTree
19 silly fetchNamedPackageData express
20 silly mapToRegistry name express
21 silly mapToRegistry using default registry
22 silly mapToRegistry registry https://registry.npmjs.org/
23 silly mapToRegistry uri https://registry.npmjs.org/express
24 silly fetchNamedPackageData body-parser
25 silly mapToRegistry name body-parser
26 silly mapToRegistry using default registry
27 silly mapToRegistry registry https://registry.npmjs.org/
28 silly mapToRegistry uri https://registry.npmjs.org/body-parser
29 silly fetchNamedPackageData ejs
30 silly mapToRegistry name ejs
31 silly mapToRegistry using default registry
32 silly mapToRegistry registry https://registry.npmjs.org/
33 silly mapToRegistry uri https://registry.npmjs.org/ejs
34 silly fetchNamedPackageData mongoose
35 silly mapToRegistry name mongoose
36 silly mapToRegistry using default registry
37 silly mapToRegistry registry https://registry.npmjs.org/
38 silly mapToRegistry uri https://registry.npmjs.org/mongoose
39 silly fetchNamedPackageData express-session
40 silly mapToRegistry name express-session
41 silly mapToRegistry using default registry
42 silly mapToRegistry registry https://registry.npmjs.org/
43 silly mapToRegistry uri https://registry.npmjs.org/express-session
44 verbose request uri https://registry.npmjs.org/body-parser
45 verbose request no auth needed
46 info attempt registry request try #1 at 8:35:51 PM
47 verbose request id 4fd2dadf0813d6a6
48 verbose etag "U18FYHJKV3SQ3SMNTOIXVMBO"
49 http request GET https://registry.npmjs.org/body-parser
50 verbose request uri https://registry.npmjs.org/ejs
51 verbose request no auth needed
52 info attempt registry request try #1 at 8:35:51 PM
53 verbose etag "6ZHYZV84B6E87800LJS1E3648"
54 http request GET https://registry.npmjs.org/ejs
55 verbose request uri https://registry.npmjs.org/express
56 verbose request no auth needed
57 info attempt registry request try #1 at 8:35:51 PM
58 verbose etag "5UV9KM4576DVJKZW2IWPK25WC"
59 http request GET https://registry.npmjs.org/express
60 verbose request uri https://registry.npmjs.org/mongoose
61 verbose request no auth needed
62 info attempt registry request try #1 at 8:35:51 PM
63 verbose etag "3OCT7LU3IZYE7JBPYMJLNS5KH"
64 http request GET https://registry.npmjs.org/mongoose
65 verbose request uri https://registry.npmjs.org/express-session
66 verbose request no auth needed
67 info attempt registry request try #1 at 8:35:51 PM
68 verbose etag "CDDODJZ9V899CZAVHK5BYGUIR"
69 http request GET https://registry.npmjs.org/express-session
70 http 304 https://registry.npmjs.org/express-session
71 verbose headers { date: 'Wed, 27 Jan 2016 04:35:52 GMT',
71 verbose headers   via: '1.1 varnish',
71 verbose headers   'cache-control': 'max-age=300',
71 verbose headers   etag: '"CDDODJZ9V899CZAVHK5BYGUIR"',
71 verbose headers   age: '278',
71 verbose headers   connection: 'keep-alive',
71 verbose headers   'x-served-by': 'cache-lax1434-LAX',
71 verbose headers   'x-cache': 'HIT',
71 verbose headers   'x-cache-hits': '5',
71 verbose headers   'x-timer': 'S1453869352.699954,VS0,VE0',
71 verbose headers   vary: 'Accept' }
72 silly get cb [ 304,
72 silly get   { date: 'Wed, 27 Jan 2016 04:35:52 GMT',
72 silly get     via: '1.1 varnish',
72 silly get     'cache-control': 'max-age=300',
72 silly get     etag: '"CDDODJZ9V899CZAVHK5BYGUIR"',
72 silly get     age: '278',
72 silly get     connection: 'keep-alive',
72 silly get     'x-served-by': 'cache-lax1434-LAX',
72 silly get     'x-cache': 'HIT',
72 silly get     'x-cache-hits': '5',
72 silly get     'x-timer': 'S1453869352.699954,VS0,VE0',
72 silly get     vary: 'Accept' } ]
73 verbose etag https://registry.npmjs.org/express-session from cache
74 verbose get saving express-session to /Users/Joseph/.npm/registry.npmjs.org/express-session/.cache.json
75 http 304 https://registry.npmjs.org/mongoose
76 verbose headers { date: 'Wed, 27 Jan 2016 04:35:52 GMT',
76 verbose headers   via: '1.1 varnish',
76 verbose headers   'cache-control': 'max-age=300',
76 verbose headers   etag: '"3OCT7LU3IZYE7JBPYMJLNS5KH"',
76 verbose headers   age: '33',
76 verbose headers   connection: 'keep-alive',
76 verbose headers   'x-served-by': 'cache-lax1429-LAX',
76 verbose headers   'x-cache': 'HIT',
76 verbose headers   'x-cache-hits': '1',
76 verbose headers   'x-timer': 'S1453869352.699731,VS0,VE1',
76 verbose headers   vary: 'Accept' }
77 silly get cb [ 304,
77 silly get   { date: 'Wed, 27 Jan 2016 04:35:52 GMT',
77 silly get     via: '1.1 varnish',
77 silly get     'cache-control': 'max-age=300',
77 silly get     etag: '"3OCT7LU3IZYE7JBPYMJLNS5KH"',
77 silly get     age: '33',
77 silly get     connection: 'keep-alive',
77 silly get     'x-served-by': 'cache-lax1429-LAX',
77 silly get     'x-cache': 'HIT',
77 silly get     'x-cache-hits': '1',
77 silly get     'x-timer': 'S1453869352.699731,VS0,VE1',
77 silly get     vary: 'Accept' } ]
78 verbose etag https://registry.npmjs.org/mongoose from cache
79 verbose get saving mongoose to /Users/Joseph/.npm/registry.npmjs.org/mongoose/.cache.json
80 silly resolveWithNewModule express-session@1.13.0 checking installable status
81 silly cache add args [ 'express-session@latest', null ]
82 verbose cache add spec express-session@latest
83 silly resolveWithNewModule mongoose@4.3.7 checking installable status
84 silly cache add args [ 'mongoose@latest', null ]
85 verbose cache add spec mongoose@latest
86 silly cache add parsed spec Result {
86 silly cache add   raw: 'express-session@latest',
86 silly cache add   scope: null,
86 silly cache add   name: 'express-session',
86 silly cache add   rawSpec: 'latest',
86 silly cache add   spec: 'latest',
86 silly cache add   type: 'tag' }
87 silly addNamed express-session@latest
88 verbose addNamed "latest" is being treated as a dist-tag for express-session
89 info addNameTag [ 'express-session', 'latest' ]
90 silly mapToRegistry name express-session
91 silly mapToRegistry using default registry
92 silly mapToRegistry registry https://registry.npmjs.org/
93 silly mapToRegistry uri https://registry.npmjs.org/express-session
94 verbose addNameTag registry:https://registry.npmjs.org/express-session not in flight; fetching
95 silly cache add parsed spec Result {
95 silly cache add   raw: 'mongoose@latest',
95 silly cache add   scope: null,
95 silly cache add   name: 'mongoose',
95 silly cache add   rawSpec: 'latest',
95 silly cache add   spec: 'latest',
95 silly cache add   type: 'tag' }
96 silly addNamed mongoose@latest
97 verbose addNamed "latest" is being treated as a dist-tag for mongoose
98 info addNameTag [ 'mongoose', 'latest' ]
99 silly mapToRegistry name mongoose
100 silly mapToRegistry using default registry
101 silly mapToRegistry registry https://registry.npmjs.org/
102 silly mapToRegistry uri https://registry.npmjs.org/mongoose
103 verbose addNameTag registry:https://registry.npmjs.org/mongoose not in flight; fetching
104 verbose get https://registry.npmjs.org/express-session not expired, no request
105 silly addNameTag next cb for express-session with tag latest
106 silly addNamed express-session@1.13.0
107 verbose addNamed "1.13.0" is a plain semver version for express-session
108 verbose get https://registry.npmjs.org/mongoose not expired, no request
109 silly addNameTag next cb for mongoose with tag latest
110 silly addNamed mongoose@4.3.7
111 verbose addNamed "4.3.7" is a plain semver version for mongoose
112 silly cache afterAdd express-session@1.13.0
113 verbose afterAdd /Users/Joseph/.npm/express-session/1.13.0/package/package.json not in flight; writing
114 silly cache afterAdd mongoose@4.3.7
115 verbose afterAdd /Users/Joseph/.npm/mongoose/4.3.7/package/package.json not in flight; writing
116 verbose afterAdd /Users/Joseph/.npm/express-session/1.13.0/package/package.json written
117 verbose afterAdd /Users/Joseph/.npm/mongoose/4.3.7/package/package.json written
118 http 200 https://registry.npmjs.org/body-parser
119 verbose headers { server: 'CouchDB/1.5.0 (Erlang OTP/R16B03)',
119 verbose headers   etag: '"5AK8JSYKY63JJLHK26R7ZRCI0"',
119 verbose headers   'content-type': 'application/json',
119 verbose headers   'cache-control': 'max-age=300',
119 verbose headers   'content-length': '113262',
119 verbose headers   'accept-ranges': 'bytes',
119 verbose headers   date: 'Wed, 27 Jan 2016 04:35:52 GMT',
119 verbose headers   via: '1.1 varnish',
119 verbose headers   age: '1',
119 verbose headers   connection: 'keep-alive',
119 verbose headers   'x-served-by': 'cache-lax1422-LAX',
119 verbose headers   'x-cache': 'HIT',
119 verbose headers   'x-cache-hits': '1',
119 verbose headers   'x-timer': 'S1453869352.694420,VS0,VE0',
119 verbose headers   vary: 'Accept' }
120 silly get cb [ 200,
120 silly get   { server: 'CouchDB/1.5.0 (Erlang OTP/R16B03)',
120 silly get     etag: '"5AK8JSYKY63JJLHK26R7ZRCI0"',
120 silly get     'content-type': 'application/json',
120 silly get     'cache-control': 'max-age=300',
120 silly get     'content-length': '113262',
120 silly get     'accept-ranges': 'bytes',
120 silly get     date: 'Wed, 27 Jan 2016 04:35:52 GMT',
120 silly get     via: '1.1 varnish',
120 silly get     age: '1',
120 silly get     connection: 'keep-alive',
120 silly get     'x-served-by': 'cache-lax1422-LAX',
120 silly get     'x-cache': 'HIT',
120 silly get     'x-cache-hits': '1',
120 silly get     'x-timer': 'S1453869352.694420,VS0,VE0',
120 silly get     vary: 'Accept' } ]
121 verbose get saving body-parser to /Users/Joseph/.npm/registry.npmjs.org/body-parser/.cache.json
122 silly resolveWithNewModule body-parser@1.14.2 checking installable status
123 silly cache add args [ 'body-parser@latest', null ]
124 verbose cache add spec body-parser@latest
125 silly cache add parsed spec Result {
125 silly cache add   raw: 'body-parser@latest',
125 silly cache add   scope: null,
125 silly cache add   name: 'body-parser',
125 silly cache add   rawSpec: 'latest',
125 silly cache add   spec: 'latest',
125 silly cache add   type: 'tag' }
126 silly addNamed body-parser@latest
127 verbose addNamed "latest" is being treated as a dist-tag for body-parser
128 info addNameTag [ 'body-parser', 'latest' ]
129 silly mapToRegistry name body-parser
130 silly mapToRegistry using default registry
131 silly mapToRegistry registry https://registry.npmjs.org/
132 silly mapToRegistry uri https://registry.npmjs.org/body-parser
133 verbose addNameTag registry:https://registry.npmjs.org/body-parser not in flight; fetching
134 http 200 https://registry.npmjs.org/ejs
135 verbose headers { server: 'CouchDB/1.5.0 (Erlang OTP/R16B03)',
135 verbose headers   etag: '"73ZGS1XPS50QL9YPKPI7MTUGJ"',
135 verbose headers   'content-type': 'application/json',
135 verbose headers   'cache-control': 'max-age=300',
135 verbose headers   'content-length': '52212',
135 verbose headers   'accept-ranges': 'bytes',
135 verbose headers   date: 'Wed, 27 Jan 2016 04:35:52 GMT',
135 verbose headers   via: '1.1 varnish',
135 verbose headers   age: '0',
135 verbose headers   connection: 'keep-alive',
135 verbose headers   'x-served-by': 'cache-lax1421-LAX',
135 verbose headers   'x-cache': 'HIT',
135 verbose headers   'x-cache-hits': '1',
135 verbose headers   'x-timer': 'S1453869352.699689,VS0,VE49',
135 verbose headers   vary: 'Accept' }
136 silly get cb [ 200,
136 silly get   { server: 'CouchDB/1.5.0 (Erlang OTP/R16B03)',
136 silly get     etag: '"73ZGS1XPS50QL9YPKPI7MTUGJ"',
136 silly get     'content-type': 'application/json',
136 silly get     'cache-control': 'max-age=300',
136 silly get     'content-length': '52212',
136 silly get     'accept-ranges': 'bytes',
136 silly get     date: 'Wed, 27 Jan 2016 04:35:52 GMT',
136 silly get     via: '1.1 varnish',
136 silly get     age: '0',
136 silly get     connection: 'keep-alive',
136 silly get     'x-served-by': 'cache-lax1421-LAX',
136 silly get     'x-cache': 'HIT',
136 silly get     'x-cache-hits': '1',
136 silly get     'x-timer': 'S1453869352.699689,VS0,VE49',
136 silly get     vary: 'Accept' } ]
137 verbose get saving ejs to /Users/Joseph/.npm/registry.npmjs.org/ejs/.cache.json
138 verbose get https://registry.npmjs.org/body-parser not expired, no request
139 silly addNameTag next cb for body-parser with tag latest
140 silly addNamed body-parser@1.14.2
141 verbose addNamed "1.14.2" is a plain semver version for body-parser
142 silly cache afterAdd body-parser@1.14.2
143 verbose afterAdd /Users/Joseph/.npm/body-parser/1.14.2/package/package.json not in flight; writing
144 silly resolveWithNewModule ejs@2.4.1 checking installable status
145 silly cache add args [ 'ejs@latest', null ]
146 verbose cache add spec ejs@latest
147 silly cache add parsed spec Result {
147 silly cache add   raw: 'ejs@latest',
147 silly cache add   scope: null,
147 silly cache add   name: 'ejs',
147 silly cache add   rawSpec: 'latest',
147 silly cache add   spec: 'latest',
147 silly cache add   type: 'tag' }
148 silly addNamed ejs@latest
149 verbose addNamed "latest" is being treated as a dist-tag for ejs
150 info addNameTag [ 'ejs', 'latest' ]
151 silly mapToRegistry name ejs
152 silly mapToRegistry using default registry
153 silly mapToRegistry registry https://registry.npmjs.org/
154 silly mapToRegistry uri https://registry.npmjs.org/ejs
155 verbose addNameTag registry:https://registry.npmjs.org/ejs not in flight; fetching
156 verbose get https://registry.npmjs.org/ejs not expired, no request
157 silly addNameTag next cb for ejs with tag latest
158 silly addNamed ejs@2.4.1
159 verbose addNamed "2.4.1" is a plain semver version for ejs
160 verbose afterAdd /Users/Joseph/.npm/body-parser/1.14.2/package/package.json written
161 silly mapToRegistry name ejs
162 silly mapToRegistry using default registry
163 silly mapToRegistry registry https://registry.npmjs.org/
164 silly mapToRegistry uri https://registry.npmjs.org/ejs
165 verbose addRemoteTarball https://registry.npmjs.org/ejs/-/ejs-2.4.1.tgz not in flight; adding
166 verbose addRemoteTarball [ 'https://registry.npmjs.org/ejs/-/ejs-2.4.1.tgz',
166 verbose addRemoteTarball   '82e15b1b2a1f948b18097476ba2bd7c66f4d1566' ]
167 info retry fetch attempt 1 at 8:35:51 PM
168 info attempt registry request try #1 at 8:35:51 PM
169 http fetch GET https://registry.npmjs.org/ejs/-/ejs-2.4.1.tgz
170 http 200 https://registry.npmjs.org/express
171 verbose headers { server: 'CouchDB/1.5.0 (Erlang OTP/R16B03)',
171 verbose headers   etag: '"EYUK55TQ4PO64B06A3TCLVE9G"',
171 verbose headers   'content-type': 'application/json',
171 verbose headers   'cache-control': 'max-age=300',
171 verbose headers   'content-length': '533047',
171 verbose headers   'accept-ranges': 'bytes',
171 verbose headers   date: 'Wed, 27 Jan 2016 04:35:52 GMT',
171 verbose headers   via: '1.1 varnish',
171 verbose headers   age: '52',
171 verbose headers   connection: 'keep-alive',
171 verbose headers   'x-served-by': 'cache-lax1428-LAX',
171 verbose headers   'x-cache': 'HIT',
171 verbose headers   'x-cache-hits': '2',
171 verbose headers   'x-timer': 'S1453869352.700575,VS0,VE0',
171 verbose headers   vary: 'Accept' }
172 silly get cb [ 200,
172 silly get   { server: 'CouchDB/1.5.0 (Erlang OTP/R16B03)',
172 silly get     etag: '"EYUK55TQ4PO64B06A3TCLVE9G"',
172 silly get     'content-type': 'application/json',
172 silly get     'cache-control': 'max-age=300',
172 silly get     'content-length': '533047',
172 silly get     'accept-ranges': 'bytes',
172 silly get     date: 'Wed, 27 Jan 2016 04:35:52 GMT',
172 silly get     via: '1.1 varnish',
172 silly get     age: '52',
172 silly get     connection: 'keep-alive',
172 silly get     'x-served-by': 'cache-lax1428-LAX',
172 silly get     'x-cache': 'HIT',
172 silly get     'x-cache-hits': '2',
172 silly get     'x-timer': 'S1453869352.700575,VS0,VE0',
172 silly get     vary: 'Accept' } ]
173 verbose get saving express to /Users/Joseph/.npm/registry.npmjs.org/express/.cache.json
174 silly fetchPackageMetaData Error: No compatible version found: express@^latest
174 silly fetchPackageMetaData Valid install targets:
174 silly fetchPackageMetaData 5.0.0-alpha.2, 5.0.0-alpha.1, 4.13.4, 4.13.3, 4.13.2, 4.13.1, 4.13.0, 4.12.4, 4.12.3, 4.12.2, 4.12.1, 4.12.0, 4.11.2, 4.11.1, 4.11.0, 4.10.8, 4.10.7, 4.10.6, 4.10.5, 4.10.4, 4.10.3, 4.10.2, 4.10.1, 4.10.0, 4.9.8, 4.9.7, 4.9.6, 4.9.5, 4.9.4, 4.9.3, 4.9.2, 4.9.1, 4.9.0, 4.8.8, 4.8.7, 4.8.6, 4.8.5, 4.8.4, 4.8.3, 4.8.2, 4.8.1, 4.8.0, 4.7.4, 4.7.3, 4.7.2, 4.7.1, 4.7.0, 4.6.1, 4.6.0, 4.5.1, 4.5.0, 4.4.5, 4.4.4, 4.4.3, 4.4.2, 4.4.1, 4.4.0, 4.3.2, 4.3.1, 4.3.0, 4.2.0, 4.1.2, 4.1.1, 4.1.0, 4.0.0, 4.0.0-rc4, 4.0.0-rc3, 4.0.0-rc2, 4.0.0-rc1, 3.21.2, 3.21.1, 3.21.0, 3.20.3, 3.20.2, 3.20.1, 3.20.0, 3.19.2, 3.19.1, 3.19.0, 3.18.6, 3.18.5, 3.18.4, 3.18.3, 3.18.2, 3.18.1, 3.18.0, 3.17.8, 3.17.7, 3.17.6, 3.17.5, 3.17.4, 3.17.3, 3.17.2, 3.17.1, 3.17.0, 3.16.10, 3.16.9, 3.16.8, 3.16.7, 3.16.6, 3.16.5, 3.16.4, 3.16.3, 3.16.2, 3.16.1, 3.16.0, 3.15.3, 3.15.2, 3.15.1, 3.15.0, 3.14.0, 3.13.0, 3.12.1, 3.12.0, 3.11.0, 3.10.5, 3.10.4, 3.10.3, 3.10.2, 3.10.1, 3.10.0, 3.9.0, 3.8.1, 3.8.0, 3.7.0, 3.6.0, 3.5.3, 3.5.2, 3.5.1, 3.5.0, 3.4.8, 3.4.7, 3.4.6, 3.4.5, 3.4.4, 3.4.3, 3.4.2, 3.4.1, 3.4.0, 3.3.8, 3.3.7, 3.3.6, 3.3.5, 3.3.4, 3.3.3, 3.3.2, 3.3.1, 3.3.0, 3.2.6, 3.2.5, 3.2.4, 3.2.3, 3.2.2, 3.2.1, 3.2.0, 3.1.2, 3.1.1, 3.1.0, 3.0.6, 3.0.5, 3.0.4, 3.0.3, 3.0.2, 3.0.1, 3.0.0, 3.0.0-rc5, 3.0.0-rc4, 3.0.0-rc3, 3.0.0-rc2, 3.0.0-rc1, 3.0.0-beta7, 3.0.0-beta6, 3.0.0-beta4, 3.0.0-beta3, 3.0.0-beta2, 3.0.0-beta1, 3.0.0-alpha5, 3.0.0-alpha4, 3.0.0-alpha3, 3.0.0-alpha2, 3.0.0-alpha1, 2.5.11, 2.5.10, 2.5.9, 2.5.8, 2.5.7, 2.5.6, 2.5.5, 2.5.4, 2.5.3, 2.5.2, 2.5.1, 2.5.0, 2.4.7, 2.4.6, 2.4.5, 2.4.4, 2.4.3, 2.4.2, 2.4.1, 2.4.0, 2.3.12, 2.3.11, 2.3.10, 2.3.9, 2.3.8, 2.3.7, 2.3.6, 2.3.5, 2.3.4, 2.3.3, 2.3.2, 2.3.1, 2.3.0, 2.2.2, 2.2.1, 2.2.0, 2.1.1, 2.1.0, 2.0.0, 2.0.0-rc3, 2.0.0-rc2, 2.0.0-rc, 2.0.0-beta3, 2.0.0-beta2, 2.0.0-beta, 1.0.8, 1.0.7, 1.0.6, 1.0.5, 1.0.4, 1.0.3, 1.0.2, 1.0.1, 1.0.0, 1.0.0-rc4, 1.0.0-rc3, 1.0.0-rc2, 1.0.0-rc, 1.0.0-beta2, 1.0.0-beta, 0.14.1, 0.14.0
174 silly fetchPackageMetaData
174 silly fetchPackageMetaData     at pickVersionFromRegistryDocument (/usr/local/lib/node_modules/npm/lib/fetch-package-metadata.js:156:16)
174 silly fetchPackageMetaData     at /usr/local/lib/node_modules/npm/node_modules/iferr/index.js:13:50
174 silly fetchPackageMetaData     at /usr/local/lib/node_modules/npm/lib/utils/pulse-till-done.js:19:8
174 silly fetchPackageMetaData     at saved (/usr/local/lib/node_modules/npm/lib/cache/caching-client.js:168:7)
174 silly fetchPackageMetaData     at /usr/local/lib/node_modules/npm/node_modules/graceful-fs/polyfills.js:210:7
174 silly fetchPackageMetaData     at FSReqWrap.oncomplete (fs.js:82:15)
174 silly fetchPackageMetaData  error for express@^latest [Error: No compatible version found: express@^latest
174 silly fetchPackageMetaData Valid install targets:
174 silly fetchPackageMetaData 5.0.0-alpha.2, 5.0.0-alpha.1, 4.13.4, 4.13.3, 4.13.2, 4.13.1, 4.13.0, 4.12.4, 4.12.3, 4.12.2, 4.12.1, 4.12.0, 4.11.2, 4.11.1, 4.11.0, 4.10.8, 4.10.7, 4.10.6, 4.10.5, 4.10.4, 4.10.3, 4.10.2, 4.10.1, 4.10.0, 4.9.8, 4.9.7, 4.9.6, 4.9.5, 4.9.4, 4.9.3, 4.9.2, 4.9.1, 4.9.0, 4.8.8, 4.8.7, 4.8.6, 4.8.5, 4.8.4, 4.8.3, 4.8.2, 4.8.1, 4.8.0, 4.7.4, 4.7.3, 4.7.2, 4.7.1, 4.7.0, 4.6.1, 4.6.0, 4.5.1, 4.5.0, 4.4.5, 4.4.4, 4.4.3, 4.4.2, 4.4.1, 4.4.0, 4.3.2, 4.3.1, 4.3.0, 4.2.0, 4.1.2, 4.1.1, 4.1.0, 4.0.0, 4.0.0-rc4, 4.0.0-rc3, 4.0.0-rc2, 4.0.0-rc1, 3.21.2, 3.21.1, 3.21.0, 3.20.3, 3.20.2, 3.20.1, 3.20.0, 3.19.2, 3.19.1, 3.19.0, 3.18.6, 3.18.5, 3.18.4, 3.18.3, 3.18.2, 3.18.1, 3.18.0, 3.17.8, 3.17.7, 3.17.6, 3.17.5, 3.17.4, 3.17.3, 3.17.2, 3.17.1, 3.17.0, 3.16.10, 3.16.9, 3.16.8, 3.16.7, 3.16.6, 3.16.5, 3.16.4, 3.16.3, 3.16.2, 3.16.1, 3.16.0, 3.15.3, 3.15.2, 3.15.1, 3.15.0, 3.14.0, 3.13.0, 3.12.1, 3.12.0, 3.11.0, 3.10.5, 3.10.4, 3.10.3, 3.10.2, 3.10.1, 3.10.0, 3.9.0, 3.8.1, 3.8.0, 3.7.0, 3.6.0, 3.5.3, 3.5.2, 3.5.1, 3.5.0, 3.4.8, 3.4.7, 3.4.6, 3.4.5, 3.4.4, 3.4.3, 3.4.2, 3.4.1, 3.4.0, 3.3.8, 3.3.7, 3.3.6, 3.3.5, 3.3.4, 3.3.3, 3.3.2, 3.3.1, 3.3.0, 3.2.6, 3.2.5, 3.2.4, 3.2.3, 3.2.2, 3.2.1, 3.2.0, 3.1.2, 3.1.1, 3.1.0, 3.0.6, 3.0.5, 3.0.4, 3.0.3, 3.0.2, 3.0.1, 3.0.0, 3.0.0-rc5, 3.0.0-rc4, 3.0.0-rc3, 3.0.0-rc2, 3.0.0-rc1, 3.0.0-beta7, 3.0.0-beta6, 3.0.0-beta4, 3.0.0-beta3, 3.0.0-beta2, 3.0.0-beta1, 3.0.0-alpha5, 3.0.0-alpha4, 3.0.0-alpha3, 3.0.0-alpha2, 3.0.0-alpha1, 2.5.11, 2.5.10, 2.5.9, 2.5.8, 2.5.7, 2.5.6, 2.5.5, 2.5.4, 2.5.3, 2.5.2, 2.5.1, 2.5.0, 2.4.7, 2.4.6, 2.4.5, 2.4.4, 2.4.3, 2.4.2, 2.4.1, 2.4.0, 2.3.12, 2.3.11, 2.3.10, 2.3.9, 2.3.8, 2.3.7, 2.3.6, 2.3.5, 2.3.4, 2.3.3, 2.3.2, 2.3.1, 2.3.0, 2.2.2, 2.2.1, 2.2.0, 2.1.1, 2.1.0, 2.0.0, 2.0.0-rc3, 2.0.0-rc2, 2.0.0-rc, 2.0.0-beta3, 2.0.0-beta2, 2.0.0-beta, 1.0.8, 1.0.7, 1.0.6, 1.0.5, 1.0.4, 1.0.3, 1.0.2, 1.0.1, 1.0.0, 1.0.0-rc4, 1.0.0-rc3, 1.0.0-rc2, 1.0.0-rc, 1.0.0-beta2, 1.0.0-beta, 0.14.1, 0.14.0
174 silly fetchPackageMetaData ]
175 http fetch 200 https://registry.npmjs.org/ejs/-/ejs-2.4.1.tgz
176 silly fetchAndShaCheck shasum 82e15b1b2a1f948b18097476ba2bd7c66f4d1566
177 verbose addTmpTarball /var/folders/c2/r4jg0g7j7_5bplpgt63jjvvr0000gn/T/npm-8149-fa5f39b5/registry.npmjs.org/ejs/-/ejs-2.4.1.tgz not in flight; adding
178 verbose addTmpTarball already have metadata; skipping unpack for ejs@2.4.1
179 silly cache afterAdd ejs@2.4.1
180 verbose afterAdd /Users/Joseph/.npm/ejs/2.4.1/package/package.json not in flight; writing
181 verbose afterAdd /Users/Joseph/.npm/ejs/2.4.1/package/package.json written
182 silly rollbackFailedOptional Starting
183 silly rollbackFailedOptional Finishing
184 silly runTopLevelLifecycles Starting
185 silly runTopLevelLifecycles Finishing
186 silly install printInstalled
187 verbose stack Error: No compatible version found: express@^latest
187 verbose stack Valid install targets:
187 verbose stack 5.0.0-alpha.2, 5.0.0-alpha.1, 4.13.4, 4.13.3, 4.13.2, 4.13.1, 4.13.0, 4.12.4, 4.12.3, 4.12.2, 4.12.1, 4.12.0, 4.11.2, 4.11.1, 4.11.0, 4.10.8, 4.10.7, 4.10.6, 4.10.5, 4.10.4, 4.10.3, 4.10.2, 4.10.1, 4.10.0, 4.9.8, 4.9.7, 4.9.6, 4.9.5, 4.9.4, 4.9.3, 4.9.2, 4.9.1, 4.9.0, 4.8.8, 4.8.7, 4.8.6, 4.8.5, 4.8.4, 4.8.3, 4.8.2, 4.8.1, 4.8.0, 4.7.4, 4.7.3, 4.7.2, 4.7.1, 4.7.0, 4.6.1, 4.6.0, 4.5.1, 4.5.0, 4.4.5, 4.4.4, 4.4.3, 4.4.2, 4.4.1, 4.4.0, 4.3.2, 4.3.1, 4.3.0, 4.2.0, 4.1.2, 4.1.1, 4.1.0, 4.0.0, 4.0.0-rc4, 4.0.0-rc3, 4.0.0-rc2, 4.0.0-rc1, 3.21.2, 3.21.1, 3.21.0, 3.20.3, 3.20.2, 3.20.1, 3.20.0, 3.19.2, 3.19.1, 3.19.0, 3.18.6, 3.18.5, 3.18.4, 3.18.3, 3.18.2, 3.18.1, 3.18.0, 3.17.8, 3.17.7, 3.17.6, 3.17.5, 3.17.4, 3.17.3, 3.17.2, 3.17.1, 3.17.0, 3.16.10, 3.16.9, 3.16.8, 3.16.7, 3.16.6, 3.16.5, 3.16.4, 3.16.3, 3.16.2, 3.16.1, 3.16.0, 3.15.3, 3.15.2, 3.15.1, 3.15.0, 3.14.0, 3.13.0, 3.12.1, 3.12.0, 3.11.0, 3.10.5, 3.10.4, 3.10.3, 3.10.2, 3.10.1, 3.10.0, 3.9.0, 3.8.1, 3.8.0, 3.7.0, 3.6.0, 3.5.3, 3.5.2, 3.5.1, 3.5.0, 3.4.8, 3.4.7, 3.4.6, 3.4.5, 3.4.4, 3.4.3, 3.4.2, 3.4.1, 3.4.0, 3.3.8, 3.3.7, 3.3.6, 3.3.5, 3.3.4, 3.3.3, 3.3.2, 3.3.1, 3.3.0, 3.2.6, 3.2.5, 3.2.4, 3.2.3, 3.2.2, 3.2.1, 3.2.0, 3.1.2, 3.1.1, 3.1.0, 3.0.6, 3.0.5, 3.0.4, 3.0.3, 3.0.2, 3.0.1, 3.0.0, 3.0.0-rc5, 3.0.0-rc4, 3.0.0-rc3, 3.0.0-rc2, 3.0.0-rc1, 3.0.0-beta7, 3.0.0-beta6, 3.0.0-beta4, 3.0.0-beta3, 3.0.0-beta2, 3.0.0-beta1, 3.0.0-alpha5, 3.0.0-alpha4, 3.0.0-alpha3, 3.0.0-alpha2, 3.0.0-alpha1, 2.5.11, 2.5.10, 2.5.9, 2.5.8, 2.5.7, 2.5.6, 2.5.5, 2.5.4, 2.5.3, 2.5.2, 2.5.1, 2.5.0, 2.4.7, 2.4.6, 2.4.5, 2.4.4, 2.4.3, 2.4.2, 2.4.1, 2.4.0, 2.3.12, 2.3.11, 2.3.10, 2.3.9, 2.3.8, 2.3.7, 2.3.6, 2.3.5, 2.3.4, 2.3.3, 2.3.2, 2.3.1, 2.3.0, 2.2.2, 2.2.1, 2.2.0, 2.1.1, 2.1.0, 2.0.0, 2.0.0-rc3, 2.0.0-rc2, 2.0.0-rc, 2.0.0-beta3, 2.0.0-beta2, 2.0.0-beta, 1.0.8, 1.0.7, 1.0.6, 1.0.5, 1.0.4, 1.0.3, 1.0.2, 1.0.1, 1.0.0, 1.0.0-rc4, 1.0.0-rc3, 1.0.0-rc2, 1.0.0-rc, 1.0.0-beta2, 1.0.0-beta, 0.14.1, 0.14.0
187 verbose stack
187 verbose stack     at pickVersionFromRegistryDocument (/usr/local/lib/node_modules/npm/lib/fetch-package-metadata.js:156:16)
187 verbose stack     at /usr/local/lib/node_modules/npm/node_modules/iferr/index.js:13:50
187 verbose stack     at /usr/local/lib/node_modules/npm/lib/utils/pulse-till-done.js:19:8
187 verbose stack     at saved (/usr/local/lib/node_modules/npm/lib/cache/caching-client.js:168:7)
187 verbose stack     at /usr/local/lib/node_modules/npm/node_modules/graceful-fs/polyfills.js:210:7
187 verbose stack     at FSReqWrap.oncomplete (fs.js:82:15)
188 verbose cwd /Users/Joseph/Projects/MEAN-Project
189 error Darwin 15.2.0
190 error argv "/usr/local/bin/node" "/usr/local/bin/npm" "install"
191 error node v5.4.0
192 error npm  v3.3.12
193 error No compatible version found: express@^latest
193 error Valid install targets:
193 error 5.0.0-alpha.2, 5.0.0-alpha.1, 4.13.4, 4.13.3, 4.13.2, 4.13.1, 4.13.0, 4.12.4, 4.12.3, 4.12.2, 4.12.1, 4.12.0, 4.11.2, 4.11.1, 4.11.0, 4.10.8, 4.10.7, 4.10.6, 4.10.5, 4.10.4, 4.10.3, 4.10.2, 4.10.1, 4.10.0, 4.9.8, 4.9.7, 4.9.6, 4.9.5, 4.9.4, 4.9.3, 4.9.2, 4.9.1, 4.9.0, 4.8.8, 4.8.7, 4.8.6, 4.8.5, 4.8.4, 4.8.3, 4.8.2, 4.8.1, 4.8.0, 4.7.4, 4.7.3, 4.7.2, 4.7.1, 4.7.0, 4.6.1, 4.6.0, 4.5.1, 4.5.0, 4.4.5, 4.4.4, 4.4.3, 4.4.2, 4.4.1, 4.4.0, 4.3.2, 4.3.1, 4.3.0, 4.2.0, 4.1.2, 4.1.1, 4.1.0, 4.0.0, 4.0.0-rc4, 4.0.0-rc3, 4.0.0-rc2, 4.0.0-rc1, 3.21.2, 3.21.1, 3.21.0, 3.20.3, 3.20.2, 3.20.1, 3.20.0, 3.19.2, 3.19.1, 3.19.0, 3.18.6, 3.18.5, 3.18.4, 3.18.3, 3.18.2, 3.18.1, 3.18.0, 3.17.8, 3.17.7, 3.17.6, 3.17.5, 3.17.4, 3.17.3, 3.17.2, 3.17.1, 3.17.0, 3.16.10, 3.16.9, 3.16.8, 3.16.7, 3.16.6, 3.16.5, 3.16.4, 3.16.3, 3.16.2, 3.16.1, 3.16.0, 3.15.3, 3.15.2, 3.15.1, 3.15.0, 3.14.0, 3.13.0, 3.12.1, 3.12.0, 3.11.0, 3.10.5, 3.10.4, 3.10.3, 3.10.2, 3.10.1, 3.10.0, 3.9.0, 3.8.1, 3.8.0, 3.7.0, 3.6.0, 3.5.3, 3.5.2, 3.5.1, 3.5.0, 3.4.8, 3.4.7, 3.4.6, 3.4.5, 3.4.4, 3.4.3, 3.4.2, 3.4.1, 3.4.0, 3.3.8, 3.3.7, 3.3.6, 3.3.5, 3.3.4, 3.3.3, 3.3.2, 3.3.1, 3.3.0, 3.2.6, 3.2.5, 3.2.4, 3.2.3, 3.2.2, 3.2.1, 3.2.0, 3.1.2, 3.1.1, 3.1.0, 3.0.6, 3.0.5, 3.0.4, 3.0.3, 3.0.2, 3.0.1, 3.0.0, 3.0.0-rc5, 3.0.0-rc4, 3.0.0-rc3, 3.0.0-rc2, 3.0.0-rc1, 3.0.0-beta7, 3.0.0-beta6, 3.0.0-beta4, 3.0.0-beta3, 3.0.0-beta2, 3.0.0-beta1, 3.0.0-alpha5, 3.0.0-alpha4, 3.0.0-alpha3, 3.0.0-alpha2, 3.0.0-alpha1, 2.5.11, 2.5.10, 2.5.9, 2.5.8, 2.5.7, 2.5.6, 2.5.5, 2.5.4, 2.5.3, 2.5.2, 2.5.1, 2.5.0, 2.4.7, 2.4.6, 2.4.5, 2.4.4, 2.4.3, 2.4.2, 2.4.1, 2.4.0, 2.3.12, 2.3.11, 2.3.10, 2.3.9, 2.3.8, 2.3.7, 2.3.6, 2.3.5, 2.3.4, 2.3.3, 2.3.2, 2.3.1, 2.3.0, 2.2.2, 2.2.1, 2.2.0, 2.1.1, 2.1.0, 2.0.0, 2.0.0-rc3, 2.0.0-rc2, 2.0.0-rc, 2.0.0-beta3, 2.0.0-beta2, 2.0.0-beta, 1.0.8, 1.0.7, 1.0.6, 1.0.5, 1.0.4, 1.0.3, 1.0.2, 1.0.1, 1.0.0, 1.0.0-rc4, 1.0.0-rc3, 1.0.0-rc2, 1.0.0-rc, 1.0.0-beta2, 1.0.0-beta, 0.14.1, 0.14.0
194 error If you need help, you may report this error at:
194 error     <https://github.com/npm/npm/issues>
195 verbose exit [ 1, true ]
